2020.12.28 18:31:30 INFO  Started: Metals version 0.9.8 in workspace '/Users/Hongkai_Yu/Desktop/Scala/wikipedia' for client vscode.
2020.12.28 18:31:34 INFO  time: initialize in 4.72s
2020.12.28 18:31:35 INFO  Attempting to connect to the build server...
Starting the bsp launcher for bloop...
Opening a bsp server connection with 'bsp --protocol local --socket /var/folders/s2/0h4zzdkd57nd3bth5pb395cw0000gn/T/bsp-launcher1439820554347890593/bsp.socket'...
Waiting for the bsp connection to come up...
Waiting for the bsp connection to come up...
Waiting for the bsp connection to come up...
Waiting for the bsp connection to come up...
2020.12.28 18:31:40 INFO  running '/Library/Java/JavaVirtualMachines/jdk-11.0.2.jdk/Contents/Home/bin/java -Djline.terminal=jline.UnsupportedTerminal -Dsbt.log.noformat=true -Dfile.encoding=UTF-8 -jar /var/folders/s2/0h4zzdkd57nd3bth5pb395cw0000gn/T/metals15615481929415369212/sbt-launch.jar -Dbloop.export-jar-classifiers=sources bloopInstall'
2020.12.28 18:31:40 WARN  no build target for: /Users/Hongkai_Yu/Desktop/Scala/wikipedia/project/metals.sbt
2020.12.28 18:31:40 WARN  no build target for: /Users/Hongkai_Yu/Desktop/Scala/wikipedia/project/metals.sbt
2020.12.28 18:31:40 WARN  no build target for: /Users/Hongkai_Yu/Desktop/Scala/wikipedia/project/project/metals.sbt
2020.12.28 18:31:40 WARN  no build target for: /Users/Hongkai_Yu/Desktop/Scala/wikipedia/project/project/metals.sbt
2020.12.28 18:31:41 INFO  skipping build import with status 'Started'
2020.12.28 18:31:41 INFO  skipping build import with status 'Started'
Waiting for the bsp connection to come up...
Waiting for the bsp connection to come up...
Waiting for the bsp connection to come up...
2020.12.28 18:31:45 INFO  [info] welcome to sbt 1.4.4 (Oracle Corporation Java 11.0.2)
Waiting for the bsp connection to come up...
Waiting for the bsp connection to come up...
Waiting for the bsp connection to come up...
2020.12.28 18:31:48 WARN  no build target for: /Users/Hongkai_Yu/Desktop/Scala/wikipedia/assignment.sbt
2020.12.28 18:31:48 INFO  [info] loading global plugins from /Users/Hongkai_Yu/.sbt/1.0/plugins
Waiting for the bsp connection to come up...
Waiting for the bsp connection to come up...
Waiting for the bsp connection to come up...
Waiting for the bsp connection to come up...
2020.12.28 18:31:54 INFO  [info] loading settings for project wikipedia-build-build-build from metals.sbt ...
Waiting for the bsp connection to come up...
2020.12.28 18:31:54 INFO  [info] loading project definition from /Users/Hongkai_Yu/Desktop/Scala/wikipedia/project/project/project
2020.12.28 18:31:54 INFO  no build target: using presentation compiler with only scala-library
Dec. 28, 2020 6:31:54 P.M. org.eclipse.lsp4j.jsonrpc.RemoteEndpoint handleCancellation
WARNING: Unmatched cancel notification for request id 4
2020.12.28 18:31:54 WARN  no build target for: /Users/Hongkai_Yu/Desktop/Scala/wikipedia/build.sbt
Waiting for the bsp connection to come up...
Waiting for the bsp connection to come up...
2020.12.28 18:31:57 INFO  [info] loading settings for project wikipedia-build-build from metals.sbt ...
Waiting for the bsp connection to come up...
2020.12.28 18:31:57 INFO  [info] loading project definition from /Users/Hongkai_Yu/Desktop/Scala/wikipedia/project/project
Waiting for the bsp connection to come up...
Waiting for the bsp connection to come up...
Waiting for the bsp connection to come up...
Waiting for the bsp connection to come up...
Waiting for the bsp connection to come up...
Waiting for the bsp connection to come up...
Waiting for the bsp connection to come up...
Waiting for the bsp connection to come up...
Waiting for the bsp connection to come up...
Waiting for the bsp connection to come up...
Waiting for the bsp connection to come up...
Waiting for the bsp connection to come up...
Waiting for the bsp connection to come up...
error: Giving up on waiting for a connection, printing embedded bloop logs:
> No server running at 127.0.0.1:8212, let's fire one...
> Resolving ch.epfl.scala:bloop-frontend_2.12:1.4.6-15-209c2a5c...
error: Trying a tcp-based connection to the server instead...
Opening a bsp server connection with 'bsp --protocol tcp --port 12005'...
Waiting for the bsp connection to come up...
Waiting for the bsp connection to come up...
Waiting for the bsp connection to come up...
Waiting for the bsp connection to come up...
Waiting for the bsp connection to come up...
2020.12.28 18:32:18 INFO  [success] Generated .bloop/wikipedia-build-build.json
2020.12.28 18:32:18 INFO  [success] Total time: 21 s, completed Dec. 28, 2020, 6:32:19 p.m.
Waiting for the bsp connection to come up...
Waiting for the bsp connection to come up...
Waiting for the bsp connection to come up...
2020.12.28 18:32:23 INFO  [info] loading settings for project wikipedia-build from buildSettings.sbt,metals.sbt,plugins.sbt ...
2020.12.28 18:32:23 INFO  [info] loading project definition from /Users/Hongkai_Yu/Desktop/Scala/wikipedia/project
Waiting for the bsp connection to come up...
Waiting for the bsp connection to come up...
2020.12.28 18:32:25 INFO  [success] Generated .bloop/wikipedia-build.json
2020.12.28 18:32:25 INFO  [info] compiling 2 Scala sources to /Users/Hongkai_Yu/Desktop/Scala/wikipedia/project/target/scala-2.12/sbt-1.0/classes ...
Waiting for the bsp connection to come up...
Waiting for the bsp connection to come up...
Waiting for the bsp connection to come up...
Waiting for the bsp connection to come up...
Waiting for the bsp connection to come up...
Waiting for the bsp connection to come up...
Waiting for the bsp connection to come up...
Waiting for the bsp connection to come up...
2020.12.28 18:32:35 INFO  [warn] /Users/Hongkai_Yu/Desktop/Scala/wikipedia/project/StudentTasks.scala:70:10: method zip in object IO is deprecated (since 1.3.2): Please specify whether to use a static timestamp
2020.12.28 18:32:35 INFO  [warn]       IO.zip(Seq(sources -> "sources.zip", binaries -> "binaries.jar"), submission)
2020.12.28 18:32:35 INFO  [warn]          ^
Waiting for the bsp connection to come up...
Waiting for the bsp connection to come up...
Waiting for the bsp connection to come up...
2020.12.28 18:32:39 INFO  [warn] one warning found
2020.12.28 18:32:39 INFO  [info] done compiling
2020.12.28 18:32:39 INFO  [success] Total time: 16 s, completed Dec. 28, 2020, 6:32:39 p.m.
Waiting for the bsp connection to come up...
Waiting for the bsp connection to come up...
Waiting for the bsp connection to come up...
Waiting for the bsp connection to come up...
Waiting for the bsp connection to come up...
2020.12.28 18:32:45 INFO  [info] loading settings for project wikipedia from assignment.sbt,build.sbt ...
2020.12.28 18:32:45 INFO  [info] set current project to bigdata-wikipedia (in build file:/Users/Hongkai_Yu/Desktop/Scala/wikipedia/)
Waiting for the bsp connection to come up...
Waiting for the bsp connection to come up...
Waiting for the bsp connection to come up...
Waiting for the bsp connection to come up...
Waiting for the bsp connection to come up...
error: Giving up on waiting for a connection, printing embedded bloop logs:
> No server running at 127.0.0.1:8212, let's fire one...
> Resolving ch.epfl.scala:bloop-frontend_2.12:1.4.6-15-209c2a5c...
error: The launcher failed to establish a bsp connection, aborting...
2020.12.28 18:32:50 ERROR Failed to connect with build server, no functionality will work.
java.lang.RuntimeException: The server did not start, got FailedToOpenBspConnection
	at bloop.launcher.LauncherMain.failPromise$1(Launcher.scala:95)
	at bloop.launcher.LauncherMain.runLauncher(Launcher.scala:122)
	at scala.meta.internal.metals.BloopServers$$anon$1.run(BloopServers.scala:159)
	at java.util.concurrent.Executors$RunnableAdapter.call(Executors.java:515)
	at java.util.concurrent.FutureTask.run(FutureTask.java:264)
	at java.util.concurrent.ThreadPoolExecutor.runWorker(ThreadPoolExecutor.java:1128)
	at java.util.concurrent.ThreadPoolExecutor$Worker.run(ThreadPoolExecutor.java:628)
	at java.lang.Thread.run(Thread.java:834)

2020.12.28 18:33:04 INFO  user cancelled sbt bloopInstall
2020.12.28 18:33:04 INFO  time: ran 'sbt bloopInstall' in 1m23s
2020.12.28 18:33:05 INFO  sbt bloopInstall exit: 143
2020.12.28 18:33:08 WARN  no build target for: /Users/Hongkai_Yu/Desktop/Scala/wikipedia/src/main/scala/wikipedia/WikipediaRanking.scala
2020.12.28 18:38:36 WARN  no build target for: /Users/Hongkai_Yu/Desktop/Scala/wikipedia/src/main/scala/wikipedia/WikipediaRankingInterface.scala
something's wrong: no file:///Users/Hongkai_Yu/Desktop/Scala/wikipedia/src/main/scala/wikipedia/WikipediaRankingInterface.scala in List[String]RangePosition(file:///Users/Hongkai_Yu/Desktop/Scala/wikipedia/src/main/scala/wikipedia/WikipediaRankingInterface.scala, 508, 508, 520)
2020.12.28 18:38:41 WARN  no build target for: /Users/Hongkai_Yu/Desktop/Scala/wikipedia/src/main/scala/wikipedia/WikipediaRanking.scala
2020.12.28 18:39:06 WARN  no build target for: /Users/Hongkai_Yu/Desktop/Scala/wikipedia/src/main/scala/wikipedia/WikipediaData.scala
2020.12.28 18:39:24 WARN  no build target for: /Users/Hongkai_Yu/Desktop/Scala/wikipedia/src/main/scala/wikipedia/WikipediaRanking.scala
2020.12.28 18:43:05 WARN  no build target for: /Users/Hongkai_Yu/Desktop/Scala/wikipedia/src/main/scala/wikipedia/WikipediaData.scala
2020.12.28 18:44:05 WARN  code navigation does not work for the file '/Users/Hongkai_Yu/Desktop/Scala/wikipedia/src/main/scala/wikipedia/WikipediaRanking.scala' because it doesn't belong to a build target.
2020.12.28 18:44:10 WARN  code navigation does not work for the file '/Users/Hongkai_Yu/Desktop/Scala/wikipedia/src/main/scala/wikipedia/WikipediaRanking.scala' because it doesn't belong to a build target.
2020.12.28 18:50:42 WARN  code navigation does not work for the file '/Users/Hongkai_Yu/Desktop/Scala/wikipedia/src/main/scala/wikipedia/WikipediaRanking.scala' because it doesn't belong to a build target.
2020.12.28 18:54:07 WARN  code navigation does not work for the file '/Users/Hongkai_Yu/Desktop/Scala/wikipedia/src/main/scala/wikipedia/WikipediaRanking.scala' because it doesn't belong to a build target.
2020.12.28 18:57:37 WARN  code navigation does not work for the file '/Users/Hongkai_Yu/Desktop/Scala/wikipedia/src/main/scala/wikipedia/WikipediaRanking.scala' because it doesn't belong to a build target.
Dec. 28, 2020 7:07:44 P.M. scala.meta.internal.pc.CompilerAccess handleError
SEVERE: offset 1907, count -2, length 4092
java.lang.StringIndexOutOfBoundsException: offset 1907, count -2, length 4092
	at java.base/java.lang.String.checkBoundsOffCount(String.java:3304)
	at java.base/java.lang.String.rangeCheck(String.java:280)
	at java.base/java.lang.String.<init>(String.java:276)
	at scala.tools.nsc.interactive.Global.typeCompletions$1(Global.scala:1230)
	at scala.tools.nsc.interactive.Global.completionsAt(Global.scala:1253)
	at scala.meta.internal.pc.SignatureHelpProvider.$anonfun$treeSymbol$1(SignatureHelpProvider.scala:375)
	at scala.Option.map(Option.scala:230)
	at scala.meta.internal.pc.SignatureHelpProvider.treeSymbol(SignatureHelpProvider.scala:373)
	at scala.meta.internal.pc.SignatureHelpProvider$MethodCall$.unapply(SignatureHelpProvider.scala:198)
	at scala.meta.internal.pc.SignatureHelpProvider$MethodCallTraverser.visit(SignatureHelpProvider.scala:309)
	at scala.meta.internal.pc.SignatureHelpProvider$MethodCallTraverser.traverse(SignatureHelpProvider.scala:303)
	at scala.meta.internal.pc.SignatureHelpProvider$MethodCallTraverser.fromTree(SignatureHelpProvider.scala:272)
	at scala.meta.internal.pc.SignatureHelpProvider.signatureHelp(SignatureHelpProvider.scala:27)

Dec. 28, 2020 7:07:46 P.M. scala.meta.internal.pc.CompilerAccess handleError
SEVERE: offset 1907, count -2, length 4097
java.lang.StringIndexOutOfBoundsException: offset 1907, count -2, length 4097
	at java.base/java.lang.String.checkBoundsOffCount(String.java:3304)
	at java.base/java.lang.String.rangeCheck(String.java:280)
	at java.base/java.lang.String.<init>(String.java:276)
	at scala.tools.nsc.interactive.Global.typeCompletions$1(Global.scala:1230)
	at scala.tools.nsc.interactive.Global.completionsAt(Global.scala:1253)
	at scala.meta.internal.pc.SignatureHelpProvider.$anonfun$treeSymbol$1(SignatureHelpProvider.scala:375)
	at scala.Option.map(Option.scala:230)
	at scala.meta.internal.pc.SignatureHelpProvider.treeSymbol(SignatureHelpProvider.scala:373)
	at scala.meta.internal.pc.SignatureHelpProvider$MethodCall$.unapply(SignatureHelpProvider.scala:198)
	at scala.meta.internal.pc.SignatureHelpProvider$MethodCallTraverser.visit(SignatureHelpProvider.scala:309)
	at scala.meta.internal.pc.SignatureHelpProvider$MethodCallTraverser.traverse(SignatureHelpProvider.scala:303)
	at scala.meta.internal.pc.SignatureHelpProvider$MethodCallTraverser.fromTree(SignatureHelpProvider.scala:272)
	at scala.meta.internal.pc.SignatureHelpProvider.signatureHelp(SignatureHelpProvider.scala:27)

Dec. 28, 2020 7:07:46 P.M. scala.meta.internal.pc.CompilerAccess handleError
SEVERE: offset 1907, count -2, length 4092
java.lang.StringIndexOutOfBoundsException: offset 1907, count -2, length 4092
	at java.base/java.lang.String.checkBoundsOffCount(String.java:3304)
	at java.base/java.lang.String.rangeCheck(String.java:280)
	at java.base/java.lang.String.<init>(String.java:276)
	at scala.tools.nsc.interactive.Global.typeCompletions$1(Global.scala:1230)
	at scala.tools.nsc.interactive.Global.completionsAt(Global.scala:1253)
	at scala.meta.internal.pc.SignatureHelpProvider.$anonfun$treeSymbol$1(SignatureHelpProvider.scala:375)
	at scala.Option.map(Option.scala:230)
	at scala.meta.internal.pc.SignatureHelpProvider.treeSymbol(SignatureHelpProvider.scala:373)
	at scala.meta.internal.pc.SignatureHelpProvider$MethodCall$.unapply(SignatureHelpProvider.scala:198)
	at scala.meta.internal.pc.SignatureHelpProvider$MethodCallTraverser.visit(SignatureHelpProvider.scala:309)
	at scala.meta.internal.pc.SignatureHelpProvider$MethodCallTraverser.traverse(SignatureHelpProvider.scala:303)
	at scala.meta.internal.pc.SignatureHelpProvider$MethodCallTraverser.fromTree(SignatureHelpProvider.scala:272)
	at scala.meta.internal.pc.SignatureHelpProvider.signatureHelp(SignatureHelpProvider.scala:27)

Dec. 28, 2020 7:07:58 P.M. scala.meta.internal.pc.CompilerAccess handleError
SEVERE: offset 1908, count -2, length 4099
java.lang.StringIndexOutOfBoundsException: offset 1908, count -2, length 4099
	at java.base/java.lang.String.checkBoundsOffCount(String.java:3304)
	at java.base/java.lang.String.rangeCheck(String.java:280)
	at java.base/java.lang.String.<init>(String.java:276)
	at scala.tools.nsc.interactive.Global.typeCompletions$1(Global.scala:1230)
	at scala.tools.nsc.interactive.Global.completionsAt(Global.scala:1253)
	at scala.meta.internal.pc.SignatureHelpProvider.$anonfun$treeSymbol$1(SignatureHelpProvider.scala:375)
	at scala.Option.map(Option.scala:230)
	at scala.meta.internal.pc.SignatureHelpProvider.treeSymbol(SignatureHelpProvider.scala:373)
	at scala.meta.internal.pc.SignatureHelpProvider$MethodCall$.unapply(SignatureHelpProvider.scala:198)
	at scala.meta.internal.pc.SignatureHelpProvider$MethodCallTraverser.visit(SignatureHelpProvider.scala:309)
	at scala.meta.internal.pc.SignatureHelpProvider$MethodCallTraverser.traverse(SignatureHelpProvider.scala:303)
	at scala.meta.internal.pc.SignatureHelpProvider$MethodCallTraverser.fromTree(SignatureHelpProvider.scala:272)
	at scala.meta.internal.pc.SignatureHelpProvider.signatureHelp(SignatureHelpProvider.scala:27)

Dec. 28, 2020 7:12:41 P.M. org.eclipse.lsp4j.jsonrpc.RemoteEndpoint handleCancellation
WARNING: Unmatched cancel notification for request id 2387
Dec. 28, 2020 7:12:42 P.M. scala.meta.internal.pc.CompilerAccess handleError
SEVERE: offset 2254, count -2, length 4194
java.lang.StringIndexOutOfBoundsException: offset 2254, count -2, length 4194
	at java.base/java.lang.String.checkBoundsOffCount(String.java:3304)
	at java.base/java.lang.String.rangeCheck(String.java:280)
	at java.base/java.lang.String.<init>(String.java:276)
	at scala.tools.nsc.interactive.Global.typeCompletions$1(Global.scala:1230)
	at scala.tools.nsc.interactive.Global.completionsAt(Global.scala:1253)
	at scala.meta.internal.pc.SignatureHelpProvider.$anonfun$treeSymbol$1(SignatureHelpProvider.scala:375)
	at scala.Option.map(Option.scala:230)
	at scala.meta.internal.pc.SignatureHelpProvider.treeSymbol(SignatureHelpProvider.scala:373)
	at scala.meta.internal.pc.SignatureHelpProvider$MethodCall$.unapply(SignatureHelpProvider.scala:198)
	at scala.meta.internal.pc.SignatureHelpProvider$MethodCallTraverser.visit(SignatureHelpProvider.scala:309)
	at scala.meta.internal.pc.SignatureHelpProvider$MethodCallTraverser.traverse(SignatureHelpProvider.scala:303)
	at scala.meta.internal.pc.SignatureHelpProvider$MethodCallTraverser.fromTree(SignatureHelpProvider.scala:272)
	at scala.meta.internal.pc.SignatureHelpProvider.signatureHelp(SignatureHelpProvider.scala:27)

Dec. 28, 2020 7:14:22 P.M. org.eclipse.lsp4j.jsonrpc.RemoteEndpoint handleCancellation
WARNING: Unmatched cancel notification for request id 2456
2020.12.28 19:15:10 WARN  no build target for: /Users/Hongkai_Yu/Desktop/Scala/wikipedia/src/main/scala/wikipedia/WikipediaRanking.scala
2020.12.28 20:14:34 WARN  code navigation does not work for the file '/Users/Hongkai_Yu/Desktop/Scala/wikipedia/src/main/scala/wikipedia/WikipediaRanking.scala' because it doesn't belong to a build target.
Dec. 28, 2020 8:29:25 P.M. org.eclipse.lsp4j.jsonrpc.RemoteEndpoint handleCancellation
WARNING: Unmatched cancel notification for request id 3069
Dec. 28, 2020 8:33:48 P.M. org.eclipse.lsp4j.jsonrpc.services.GenericEndpoint notify
INFO: Unsupported notification method: $/setTraceNotification
2020.12.28 20:35:03 WARN  no build target for: /Users/Hongkai_Yu/Desktop/Scala/wikipedia/src/main/scala/wikipedia/WikipediaRanking.scala
2020.12.28 20:35:03 INFO  shutting down Metals
2020.12.28 20:35:21 INFO  Started: Metals version 0.9.8 in workspace '/Users/Hongkai_Yu/Desktop/Scala/wikipedia' for client vscode.
2020.12.28 20:35:26 INFO  time: initialize in 5.04s
2020.12.28 20:35:27 INFO  Attempting to connect to the build server...
Starting the bsp launcher for bloop...
Opening a bsp server connection with 'bsp --protocol local --socket /var/folders/s2/0h4zzdkd57nd3bth5pb395cw0000gn/T/bsp-launcher14184992586878051482/bsp.socket'...
Waiting for the bsp connection to come up...
2020.12.28 20:35:28 WARN  no build target for: /Users/Hongkai_Yu/Desktop/Scala/wikipedia/src/main/scala/wikipedia/WikipediaRanking.scala
[0m[32m[D][0m Waiting for a connection at local:///var/folders/s2/0h4zzdkd57nd3bth5pb395cw0000gn/T/bsp-launcher14184992586878051482/bsp.socket...
The server is listening for incoming connections at local:///var/folders/s2/0h4zzdkd57nd3bth5pb395cw0000gn/T/bsp-launcher14184992586878051482/bsp.socket...
Starting thread that pumps stdin and redirects it to the bsp server...
Starting thread that pumps server stdout and redirects it to the client stdout...
2020.12.28 20:35:27 INFO  tracing is disabled for protocol BSP, to enable tracing of incoming and outgoing JSON messages create an empty file at /Users/Hongkai_Yu/Library/Caches/org.scalameta.metals/bsp.trace.json
2020.12.28 20:35:28 INFO  skipping build import with status 'Cancelled'
2020.12.28 20:35:29 INFO  Attempting to connect to the build server...
2020.12.28 20:35:29 INFO  Attempting to connect to the build server...
Starting the bsp launcher for bloop...
Opening a bsp server connection with 'bsp --protocol local --socket /var/folders/s2/0h4zzdkd57nd3bth5pb395cw0000gn/T/bsp-launcher12953420960974767519/bsp.socket'...
Waiting for the bsp connection to come up...
Starting the bsp launcher for bloop...
Opening a bsp server connection with 'bsp --protocol local --socket /var/folders/s2/0h4zzdkd57nd3bth5pb395cw0000gn/T/bsp-launcher15097947267326542161/bsp.socket'...
Waiting for the bsp connection to come up...
[0m[32m[D][0m Waiting for a connection at local:///var/folders/s2/0h4zzdkd57nd3bth5pb395cw0000gn/T/bsp-launcher15097947267326542161/bsp.socket...
The server is listening for incoming connections at local:///var/folders/s2/0h4zzdkd57nd3bth5pb395cw0000gn/T/bsp-launcher15097947267326542161/bsp.socket...
[0m[32m[D][0m Waiting for a connection at local:///var/folders/s2/0h4zzdkd57nd3bth5pb395cw0000gn/T/bsp-launcher12953420960974767519/bsp.socket...
The server is listening for incoming connections at local:///var/folders/s2/0h4zzdkd57nd3bth5pb395cw0000gn/T/bsp-launcher12953420960974767519/bsp.socket...
Starting thread that pumps stdin and redirects it to the bsp server...
Starting thread that pumps server stdout and redirects it to the client stdout...
Starting thread that pumps stdin and redirects it to the bsp server...
Starting thread that pumps server stdout and redirects it to the client stdout...
2020.12.28 20:35:28 INFO  tracing is disabled for protocol BSP, to enable tracing of incoming and outgoing JSON messages create an empty file at /Users/Hongkai_Yu/Library/Caches/org.scalameta.metals/bsp.trace.json
2020.12.28 20:35:29 INFO  tracing is disabled for protocol BSP, to enable tracing of incoming and outgoing JSON messages create an empty file at /Users/Hongkai_Yu/Library/Caches/org.scalameta.metals/bsp.trace.json
2020.12.28 20:35:35 INFO  no build target: using presentation compiler with only scala-library
Dec. 28, 2020 8:35:35 P.M. org.eclipse.lsp4j.jsonrpc.RemoteEndpoint handleCancellation
WARNING: Unmatched cancel notification for request id 2
Dec. 28, 2020 8:35:35 P.M. org.eclipse.lsp4j.jsonrpc.RemoteEndpoint handleCancellation
WARNING: Unmatched cancel notification for request id 11
Dec. 28, 2020 8:35:35 P.M. org.eclipse.lsp4j.jsonrpc.RemoteEndpoint handleCancellation
WARNING: Unmatched cancel notification for request id 12
Dec. 28, 2020 8:35:35 P.M. org.eclipse.lsp4j.jsonrpc.RemoteEndpoint handleCancellation
WARNING: Unmatched cancel notification for request id 13
2020.12.28 20:35:45 INFO  time: connected to build server in 17s
2020.12.28 20:35:45 INFO  Connected to Build server v1.4.6-15-209c2a5c
2020.12.28 20:35:45 ERROR Empty build targets. Expected at least one build target identifier.
2020.12.28 20:35:45 ERROR Empty build targets. Expected at least one build target identifier.
2020.12.28 20:35:45 ERROR Empty build targets. Expected at least one build target identifier.
2020.12.28 20:35:45 INFO  time: imported build in 0.27s
2020.12.28 20:35:53 INFO  time: indexed workspace in 8.3s
2020.12.28 20:35:53 WARN  no build target for: /Users/Hongkai_Yu/Desktop/Scala/wikipedia/src/main/scala/wikipedia/WikipediaRanking.scala
2020.12.28 20:36:00 WARN  code navigation does not work for the file '/Users/Hongkai_Yu/Desktop/Scala/wikipedia/src/main/scala/wikipedia/WikipediaRanking.scala' because it doesn't belong to a build target.
Dec. 28, 2020 8:37:14 P.M. org.eclipse.lsp4j.jsonrpc.services.GenericEndpoint notify
INFO: Unsupported notification method: $/setTraceNotification
2020.12.28 20:40:56 WARN  no build target for: /Users/Hongkai_Yu/Desktop/Scala/wikipedia/src/main/scala/wikipedia/WikipediaData.scala
2020.12.28 20:45:44 WARN  no build target for: /Users/Hongkai_Yu/Desktop/Scala/wikipedia/src/main/scala/wikipedia/WikipediaRanking.scala
2020.12.28 20:57:10 WARN  code navigation does not work for the file '/Users/Hongkai_Yu/Desktop/Scala/wikipedia/src/main/scala/wikipedia/WikipediaRanking.scala' because it doesn't belong to a build target.
Dec. 28, 2020 8:57:18 P.M. org.eclipse.lsp4j.jsonrpc.RemoteEndpoint handleCancellation
WARNING: Unmatched cancel notification for request id 712
2020.12.28 21:02:54 WARN  no build target for: /Users/Hongkai_Yu/Desktop/Scala/wikipedia/src/main/scala/wikipedia/WikipediaRanking.scala
Dec. 28, 2020 9:08:07 P.M. scala.meta.internal.pc.CompletionProvider expected$1
WARNING: offset 3293, count -1, length 4376
2020.12.28 21:08:25 WARN  no build target for: /Users/Hongkai_Yu/Desktop/Scala/wikipedia/src/main/scala/wikipedia/WikipediaRanking.scala
2020.12.28 21:09:18 WARN  no build target for: /Users/Hongkai_Yu/Desktop/Scala/wikipedia/src/main/scala/wikipedia/WikipediaRanking.scala
2020.12.28 21:10:29 WARN  no build target for: /Users/Hongkai_Yu/Desktop/Scala/wikipedia/src/main/scala/wikipedia/WikipediaRanking.scala
2020.12.28 21:17:47 WARN  code navigation does not work for the file '/Users/Hongkai_Yu/Desktop/Scala/wikipedia/src/main/scala/wikipedia/WikipediaRanking.scala' because it doesn't belong to a build target.
2020.12.28 21:17:47 WARN  no build target for: /Users/Hongkai_Yu/Desktop/Scala/wikipedia/src/main/scala/wikipedia/WikipediaRanking.scala
2020.12.28 21:18:57 WARN  code navigation does not work for the file '/Users/Hongkai_Yu/Desktop/Scala/wikipedia/src/main/scala/wikipedia/WikipediaRanking.scala' because it doesn't belong to a build target.
2020.12.28 21:18:57 WARN  no build target for: /Users/Hongkai_Yu/Desktop/Scala/wikipedia/src/main/scala/wikipedia/WikipediaRanking.scala
2020.12.28 21:20:49 WARN  code navigation does not work for the file '/Users/Hongkai_Yu/Desktop/Scala/wikipedia/src/main/scala/wikipedia/WikipediaRanking.scala' because it doesn't belong to a build target.
2020.12.28 21:20:49 WARN  no build target for: /Users/Hongkai_Yu/Desktop/Scala/wikipedia/src/main/scala/wikipedia/WikipediaRanking.scala
2020.12.28 21:21:30 WARN  code navigation does not work for the file '/Users/Hongkai_Yu/Desktop/Scala/wikipedia/src/main/scala/wikipedia/WikipediaRanking.scala' because it doesn't belong to a build target.
2020.12.28 21:22:41 WARN  no build target for: /Users/Hongkai_Yu/Desktop/Scala/wikipedia/src/main/scala/wikipedia/WikipediaRanking.scala
something's wrong: no file:///Users/Hongkai_Yu/Desktop/Scala/wikipedia/src/main/scala/wikipedia/WikipediaRanking.scala in List[String]RangePosition(file:///Users/Hongkai_Yu/Desktop/Scala/wikipedia/src/main/scala/wikipedia/WikipediaRanking.scala, 2103, 2103, 2115)
2020.12.28 21:23:59 WARN  no build target for: /Users/Hongkai_Yu/Desktop/Scala/wikipedia/src/main/scala/wikipedia/WikipediaRanking.scala
2020.12.28 21:26:22 WARN  no build target for: /Users/Hongkai_Yu/Desktop/Scala/wikipedia/src/main/scala/wikipedia/WikipediaRanking.scala
2020.12.28 21:35:45 WARN  no build target for: /Users/Hongkai_Yu/Desktop/Scala/wikipedia/src/main/scala/wikipedia/WikipediaRanking.scala
something's wrong: no file:///Users/Hongkai_Yu/Desktop/Scala/wikipedia/src/main/scala/wikipedia/WikipediaRanking.scala in List[String]RangePosition(file:///Users/Hongkai_Yu/Desktop/Scala/wikipedia/src/main/scala/wikipedia/WikipediaRanking.scala, 1790, 1790, 1802)
Dec. 28, 2020 9:39:20 P.M. org.eclipse.lsp4j.jsonrpc.RemoteEndpoint handleCancellation
WARNING: Unmatched cancel notification for request id 2902
2020.12.28 21:39:29 WARN  no build target for: /Users/Hongkai_Yu/Desktop/Scala/wikipedia/src/main/scala/wikipedia/WikipediaRanking.scala
2020.12.28 21:43:08 INFO  shutting down Metals
2020.12.28 21:43:08 INFO  Shut down connection with build server.
2020.12.28 21:43:08 INFO  Shut down connection with build server.
2020.12.28 21:43:08 INFO  Shut down connection with build server.
No more data in the client stdin, exiting...
No more data in the client stdin, exiting...
No more data in the client stdin, exiting...
No more data in the server stdin, exiting...
No more data in the server stdin, exiting...
No more data in the server stdin, exiting...
No more data in the server stdin, exiting...
No more data in the server stdin, exiting...
No more data in the server stdin, exiting...
